-------------------------------------------------------------------------------
Test set: com.example.ctrip.Controller.TravelProductControllerTest
-------------------------------------------------------------------------------
Tests run: 5, Failures: 0, Errors: 5, Skipped: 0, Time elapsed: 13.002 s <<< FAILURE! - in com.example.ctrip.Controller.TravelProductControllerTest
getProductById(com.example.ctrip.Controller.TravelProductControllerTest)  Time elapsed: 0 s  <<< ERROR!
java.lang.IllegalStateException: Failed to load ApplicationContext
Caused by: org.springframework.beans.factory.UnsatisfiedDependencyException: Error creating bean with name 'dataController': Unsatisfied dependency expressed through field 'dhs'; nested exception is org.springframework.beans.factory.UnsatisfiedDependencyException: Error creating bean with name 'dataHotelServiceImpl': Unsatisfied dependency expressed through field 'dhM'; nested exception is org.springframework.beans.factory.UnsatisfiedDependencyException: Error creating bean with name 'dataHotelMapper' defined in file [F:\360MoveData\Users\Administrator\Desktop\桌面文件\第三小组项目\ctrip\target\classes\com\example\ctrip\Dao\DataHotelMapper.class]: Unsatisfied dependency expressed through bean property 'sqlSessionFactory'; nested exception is org.springframework.beans.factory.BeanCreationException: Error creating bean with name 'sqlSessionFactory' defined in class path resource [org/mybatis/spring/boot/autoconfigure/MybatisAutoConfiguration.class]: Bean instantiation via factory method failed; nested exception is org.springframework.beans.BeanInstantiationException: Failed to instantiate [org.apache.ibatis.session.SqlSessionFactory]: Factory method 'sqlSessionFactory' threw exception; nested exception is org.springframework.core.NestedIOException: Failed to parse mapping resource: 'file [F:\360MoveData\Users\Administrator\Desktop\桌面文件\第三小组项目\ctrip\target\classes\Mapper\HotelMapper.xml]'; nested exception is org.apache.ibatis.builder.BuilderException: Error parsing Mapper XML. Cause: java.lang.IllegalArgumentException: Mapped Statements collection already contains value for com.example.ctrip.Dao.HotelMapper.getDataCountByHotelName
Caused by: org.springframework.beans.factory.UnsatisfiedDependencyException: Error creating bean with name 'dataHotelServiceImpl': Unsatisfied dependency expressed through field 'dhM'; nested exception is org.springframework.beans.factory.UnsatisfiedDependencyException: Error creating bean with name 'dataHotelMapper' defined in file [F:\360MoveData\Users\Administrator\Desktop\桌面文件\第三小组项目\ctrip\target\classes\com\example\ctrip\Dao\DataHotelMapper.class]: Unsatisfied dependency expressed through bean property 'sqlSessionFactory'; nested exception is org.springframework.beans.factory.BeanCreationException: Error creating bean with name 'sqlSessionFactory' defined in class path resource [org/mybatis/spring/boot/autoconfigure/MybatisAutoConfiguration.class]: Bean instantiation via factory method failed; nested exception is org.springframework.beans.BeanInstantiationException: Failed to instantiate [org.apache.ibatis.session.SqlSessionFactory]: Factory method 'sqlSessionFactory' threw exception; nested exception is org.springframework.core.NestedIOException: Failed to parse mapping resource: 'file [F:\360MoveData\Users\Administrator\Desktop\桌面文件\第三小组项目\ctrip\target\classes\Mapper\HotelMapper.xml]'; nested exception is org.apache.ibatis.builder.BuilderException: Error parsing Mapper XML. Cause: java.lang.IllegalArgumentException: Mapped Statements collection already contains value for com.example.ctrip.Dao.HotelMapper.getDataCountByHotelName
Caused by: org.springframework.beans.factory.UnsatisfiedDependencyException: Error creating bean with name 'dataHotelMapper' defined in file [F:\360MoveData\Users\Administrator\Desktop\桌面文件\第三小组项目\ctrip\target\classes\com\example\ctrip\Dao\DataHotelMapper.class]: Unsatisfied dependency expressed through bean property 'sqlSessionFactory'; nested exception is org.springframework.beans.factory.BeanCreationException: Error creating bean with name 'sqlSessionFactory' defined in class path resource [org/mybatis/spring/boot/autoconfigure/MybatisAutoConfiguration.class]: Bean instantiation via factory method failed; nested exception is org.springframework.beans.BeanInstantiationException: Failed to instantiate [org.apache.ibatis.session.SqlSessionFactory]: Factory method 'sqlSessionFactory' threw exception; nested exception is org.springframework.core.NestedIOException: Failed to parse mapping resource: 'file [F:\360MoveData\Users\Administrator\Desktop\桌面文件\第三小组项目\ctrip\target\classes\Mapper\HotelMapper.xml]'; nested exception is org.apache.ibatis.builder.BuilderException: Error parsing Mapper XML. Cause: java.lang.IllegalArgumentException: Mapped Statements collection already contains value for com.example.ctrip.Dao.HotelMapper.getDataCountByHotelName
Caused by: org.springframework.beans.factory.BeanCreationException: Error creating bean with name 'sqlSessionFactory' defined in class path resource [org/mybatis/spring/boot/autoconfigure/MybatisAutoConfiguration.class]: Bean instantiation via factory method failed; nested exception is org.springframework.beans.BeanInstantiationException: Failed to instantiate [org.apache.ibatis.session.SqlSessionFactory]: Factory method 'sqlSessionFactory' threw exception; nested exception is org.springframework.core.NestedIOException: Failed to parse mapping resource: 'file [F:\360MoveData\Users\Administrator\Desktop\桌面文件\第三小组项目\ctrip\target\classes\Mapper\HotelMapper.xml]'; nested exception is org.apache.ibatis.builder.BuilderException: Error parsing Mapper XML. Cause: java.lang.IllegalArgumentException: Mapped Statements collection already contains value for com.example.ctrip.Dao.HotelMapper.getDataCountByHotelName
Caused by: org.springframework.beans.BeanInstantiationException: Failed to instantiate [org.apache.ibatis.session.SqlSessionFactory]: Factory method 'sqlSessionFactory' threw exception; nested exception is org.springframework.core.NestedIOException: Failed to parse mapping resource: 'file [F:\360MoveData\Users\Administrator\Desktop\桌面文件\第三小组项目\ctrip\target\classes\Mapper\HotelMapper.xml]'; nested exception is org.apache.ibatis.builder.BuilderException: Error parsing Mapper XML. Cause: java.lang.IllegalArgumentException: Mapped Statements collection already contains value for com.example.ctrip.Dao.HotelMapper.getDataCountByHotelName
Caused by: org.springframework.core.NestedIOException: Failed to parse mapping resource: 'file [F:\360MoveData\Users\Administrator\Desktop\桌面文件\第三小组项目\ctrip\target\classes\Mapper\HotelMapper.xml]'; nested exception is org.apache.ibatis.builder.BuilderException: Error parsing Mapper XML. Cause: java.lang.IllegalArgumentException: Mapped Statements collection already contains value for com.example.ctrip.Dao.HotelMapper.getDataCountByHotelName
Caused by: org.apache.ibatis.builder.BuilderException: Error parsing Mapper XML. Cause: java.lang.IllegalArgumentException: Mapped Statements collection already contains value for com.example.ctrip.Dao.HotelMapper.getDataCountByHotelName
Caused by: java.lang.IllegalArgumentException: Mapped Statements collection already contains value for com.example.ctrip.Dao.HotelMapper.getDataCountByHotelName

getTravelProductByLevel(com.example.ctrip.Controller.TravelProductControllerTest)  Time elapsed: 0 s  <<< ERROR!
java.lang.IllegalStateException: Failed to load ApplicationContext
Caused by: org.springframework.beans.factory.UnsatisfiedDependencyException: Error creating bean with name 'dataController': Unsatisfied dependency expressed through field 'dhs'; nested exception is org.springframework.beans.factory.UnsatisfiedDependencyException: Error creating bean with name 'dataHotelServiceImpl': Unsatisfied dependency expressed through field 'dhM'; nested exception is org.springframework.beans.factory.UnsatisfiedDependencyException: Error creating bean with name 'dataHotelMapper' defined in file [F:\360MoveData\Users\Administrator\Desktop\桌面文件\第三小组项目\ctrip\target\classes\com\example\ctrip\Dao\DataHotelMapper.class]: Unsatisfied dependency expressed through bean property 'sqlSessionFactory'; nested exception is org.springframework.beans.factory.BeanCreationException: Error creating bean with name 'sqlSessionFactory' defined in class path resource [org/mybatis/spring/boot/autoconfigure/MybatisAutoConfiguration.class]: Bean instantiation via factory method failed; nested exception is org.springframework.beans.BeanInstantiationException: Failed to instantiate [org.apache.ibatis.session.SqlSessionFactory]: Factory method 'sqlSessionFactory' threw exception; nested exception is org.springframework.core.NestedIOException: Failed to parse mapping resource: 'file [F:\360MoveData\Users\Administrator\Desktop\桌面文件\第三小组项目\ctrip\target\classes\Mapper\HotelMapper.xml]'; nested exception is org.apache.ibatis.builder.BuilderException: Error parsing Mapper XML. Cause: java.lang.IllegalArgumentException: Mapped Statements collection already contains value for com.example.ctrip.Dao.HotelMapper.getDataCountByHotelName
Caused by: org.springframework.beans.factory.UnsatisfiedDependencyException: Error creating bean with name 'dataHotelServiceImpl': Unsatisfied dependency expressed through field 'dhM'; nested exception is org.springframework.beans.factory.UnsatisfiedDependencyException: Error creating bean with name 'dataHotelMapper' defined in file [F:\360MoveData\Users\Administrator\Desktop\桌面文件\第三小组项目\ctrip\target\classes\com\example\ctrip\Dao\DataHotelMapper.class]: Unsatisfied dependency expressed through bean property 'sqlSessionFactory'; nested exception is org.springframework.beans.factory.BeanCreationException: Error creating bean with name 'sqlSessionFactory' defined in class path resource [org/mybatis/spring/boot/autoconfigure/MybatisAutoConfiguration.class]: Bean instantiation via factory method failed; nested exception is org.springframework.beans.BeanInstantiationException: Failed to instantiate [org.apache.ibatis.session.SqlSessionFactory]: Factory method 'sqlSessionFactory' threw exception; nested exception is org.springframework.core.NestedIOException: Failed to parse mapping resource: 'file [F:\360MoveData\Users\Administrator\Desktop\桌面文件\第三小组项目\ctrip\target\classes\Mapper\HotelMapper.xml]'; nested exception is org.apache.ibatis.builder.BuilderException: Error parsing Mapper XML. Cause: java.lang.IllegalArgumentException: Mapped Statements collection already contains value for com.example.ctrip.Dao.HotelMapper.getDataCountByHotelName
Caused by: org.springframework.beans.factory.UnsatisfiedDependencyException: Error creating bean with name 'dataHotelMapper' defined in file [F:\360MoveData\Users\Administrator\Desktop\桌面文件\第三小组项目\ctrip\target\classes\com\example\ctrip\Dao\DataHotelMapper.class]: Unsatisfied dependency expressed through bean property 'sqlSessionFactory'; nested exception is org.springframework.beans.factory.BeanCreationException: Error creating bean with name 'sqlSessionFactory' defined in class path resource [org/mybatis/spring/boot/autoconfigure/MybatisAutoConfiguration.class]: Bean instantiation via factory method failed; nested exception is org.springframework.beans.BeanInstantiationException: Failed to instantiate [org.apache.ibatis.session.SqlSessionFactory]: Factory method 'sqlSessionFactory' threw exception; nested exception is org.springframework.core.NestedIOException: Failed to parse mapping resource: 'file [F:\360MoveData\Users\Administrator\Desktop\桌面文件\第三小组项目\ctrip\target\classes\Mapper\HotelMapper.xml]'; nested exception is org.apache.ibatis.builder.BuilderException: Error parsing Mapper XML. Cause: java.lang.IllegalArgumentException: Mapped Statements collection already contains value for com.example.ctrip.Dao.HotelMapper.getDataCountByHotelName
Caused by: org.springframework.beans.factory.BeanCreationException: Error creating bean with name 'sqlSessionFactory' defined in class path resource [org/mybatis/spring/boot/autoconfigure/MybatisAutoConfiguration.class]: Bean instantiation via factory method failed; nested exception is org.springframework.beans.BeanInstantiationException: Failed to instantiate [org.apache.ibatis.session.SqlSessionFactory]: Factory method 'sqlSessionFactory' threw exception; nested exception is org.springframework.core.NestedIOException: Failed to parse mapping resource: 'file [F:\360MoveData\Users\Administrator\Desktop\桌面文件\第三小组项目\ctrip\target\classes\Mapper\HotelMapper.xml]'; nested exception is org.apache.ibatis.builder.BuilderException: Error parsing Mapper XML. Cause: java.lang.IllegalArgumentException: Mapped Statements collection already contains value for com.example.ctrip.Dao.HotelMapper.getDataCountByHotelName
Caused by: org.springframework.beans.BeanInstantiationException: Failed to instantiate [org.apache.ibatis.session.SqlSessionFactory]: Factory method 'sqlSessionFactory' threw exception; nested exception is org.springframework.core.NestedIOException: Failed to parse mapping resource: 'file [F:\360MoveData\Users\Administrator\Desktop\桌面文件\第三小组项目\ctrip\target\classes\Mapper\HotelMapper.xml]'; nested exception is org.apache.ibatis.builder.BuilderException: Error parsing Mapper XML. Cause: java.lang.IllegalArgumentException: Mapped Statements collection already contains value for com.example.ctrip.Dao.HotelMapper.getDataCountByHotelName
Caused by: org.springframework.core.NestedIOException: Failed to parse mapping resource: 'file [F:\360MoveData\Users\Administrator\Desktop\桌面文件\第三小组项目\ctrip\target\classes\Mapper\HotelMapper.xml]'; nested exception is org.apache.ibatis.builder.BuilderException: Error parsing Mapper XML. Cause: java.lang.IllegalArgumentException: Mapped Statements collection already contains value for com.example.ctrip.Dao.HotelMapper.getDataCountByHotelName
Caused by: org.apache.ibatis.builder.BuilderException: Error parsing Mapper XML. Cause: java.lang.IllegalArgumentException: Mapped Statements collection already contains value for com.example.ctrip.Dao.HotelMapper.getDataCountByHotelName
Caused by: java.lang.IllegalArgumentException: Mapped Statements collection already contains value for com.example.ctrip.Dao.HotelMapper.getDataCountByHotelName

getProductListByDaysTrip(com.example.ctrip.Controller.TravelProductControllerTest)  Time elapsed: 0 s  <<< ERROR!
java.lang.IllegalStateException: Failed to load ApplicationContext
Caused by: org.springframework.beans.factory.UnsatisfiedDependencyException: Error creating bean with name 'dataController': Unsatisfied dependency expressed through field 'dhs'; nested exception is org.springframework.beans.factory.UnsatisfiedDependencyException: Error creating bean with name 'dataHotelServiceImpl': Unsatisfied dependency expressed through field 'dhM'; nested exception is org.springframework.beans.factory.UnsatisfiedDependencyException: Error creating bean with name 'dataHotelMapper' defined in file [F:\360MoveData\Users\Administrator\Desktop\桌面文件\第三小组项目\ctrip\target\classes\com\example\ctrip\Dao\DataHotelMapper.class]: Unsatisfied dependency expressed through bean property 'sqlSessionFactory'; nested exception is org.springframework.beans.factory.BeanCreationException: Error creating bean with name 'sqlSessionFactory' defined in class path resource [org/mybatis/spring/boot/autoconfigure/MybatisAutoConfiguration.class]: Bean instantiation via factory method failed; nested exception is org.springframework.beans.BeanInstantiationException: Failed to instantiate [org.apache.ibatis.session.SqlSessionFactory]: Factory method 'sqlSessionFactory' threw exception; nested exception is org.springframework.core.NestedIOException: Failed to parse mapping resource: 'file [F:\360MoveData\Users\Administrator\Desktop\桌面文件\第三小组项目\ctrip\target\classes\Mapper\HotelMapper.xml]'; nested exception is org.apache.ibatis.builder.BuilderException: Error parsing Mapper XML. Cause: java.lang.IllegalArgumentException: Mapped Statements collection already contains value for com.example.ctrip.Dao.HotelMapper.getDataCountByHotelName
Caused by: org.springframework.beans.factory.UnsatisfiedDependencyException: Error creating bean with name 'dataHotelServiceImpl': Unsatisfied dependency expressed through field 'dhM'; nested exception is org.springframework.beans.factory.UnsatisfiedDependencyException: Error creating bean with name 'dataHotelMapper' defined in file [F:\360MoveData\Users\Administrator\Desktop\桌面文件\第三小组项目\ctrip\target\classes\com\example\ctrip\Dao\DataHotelMapper.class]: Unsatisfied dependency expressed through bean property 'sqlSessionFactory'; nested exception is org.springframework.beans.factory.BeanCreationException: Error creating bean with name 'sqlSessionFactory' defined in class path resource [org/mybatis/spring/boot/autoconfigure/MybatisAutoConfiguration.class]: Bean instantiation via factory method failed; nested exception is org.springframework.beans.BeanInstantiationException: Failed to instantiate [org.apache.ibatis.session.SqlSessionFactory]: Factory method 'sqlSessionFactory' threw exception; nested exception is org.springframework.core.NestedIOException: Failed to parse mapping resource: 'file [F:\360MoveData\Users\Administrator\Desktop\桌面文件\第三小组项目\ctrip\target\classes\Mapper\HotelMapper.xml]'; nested exception is org.apache.ibatis.builder.BuilderException: Error parsing Mapper XML. Cause: java.lang.IllegalArgumentException: Mapped Statements collection already contains value for com.example.ctrip.Dao.HotelMapper.getDataCountByHotelName
Caused by: org.springframework.beans.factory.UnsatisfiedDependencyException: Error creating bean with name 'dataHotelMapper' defined in file [F:\360MoveData\Users\Administrator\Desktop\桌面文件\第三小组项目\ctrip\target\classes\com\example\ctrip\Dao\DataHotelMapper.class]: Unsatisfied dependency expressed through bean property 'sqlSessionFactory'; nested exception is org.springframework.beans.factory.BeanCreationException: Error creating bean with name 'sqlSessionFactory' defined in class path resource [org/mybatis/spring/boot/autoconfigure/MybatisAutoConfiguration.class]: Bean instantiation via factory method failed; nested exception is org.springframework.beans.BeanInstantiationException: Failed to instantiate [org.apache.ibatis.session.SqlSessionFactory]: Factory method 'sqlSessionFactory' threw exception; nested exception is org.springframework.core.NestedIOException: Failed to parse mapping resource: 'file [F:\360MoveData\Users\Administrator\Desktop\桌面文件\第三小组项目\ctrip\target\classes\Mapper\HotelMapper.xml]'; nested exception is org.apache.ibatis.builder.BuilderException: Error parsing Mapper XML. Cause: java.lang.IllegalArgumentException: Mapped Statements collection already contains value for com.example.ctrip.Dao.HotelMapper.getDataCountByHotelName
Caused by: org.springframework.beans.factory.BeanCreationException: Error creating bean with name 'sqlSessionFactory' defined in class path resource [org/mybatis/spring/boot/autoconfigure/MybatisAutoConfiguration.class]: Bean instantiation via factory method failed; nested exception is org.springframework.beans.BeanInstantiationException: Failed to instantiate [org.apache.ibatis.session.SqlSessionFactory]: Factory method 'sqlSessionFactory' threw exception; nested exception is org.springframework.core.NestedIOException: Failed to parse mapping resource: 'file [F:\360MoveData\Users\Administrator\Desktop\桌面文件\第三小组项目\ctrip\target\classes\Mapper\HotelMapper.xml]'; nested exception is org.apache.ibatis.builder.BuilderException: Error parsing Mapper XML. Cause: java.lang.IllegalArgumentException: Mapped Statements collection already contains value for com.example.ctrip.Dao.HotelMapper.getDataCountByHotelName
Caused by: org.springframework.beans.BeanInstantiationException: Failed to instantiate [org.apache.ibatis.session.SqlSessionFactory]: Factory method 'sqlSessionFactory' threw exception; nested exception is org.springframework.core.NestedIOException: Failed to parse mapping resource: 'file [F:\360MoveData\Users\Administrator\Desktop\桌面文件\第三小组项目\ctrip\target\classes\Mapper\HotelMapper.xml]'; nested exception is org.apache.ibatis.builder.BuilderException: Error parsing Mapper XML. Cause: java.lang.IllegalArgumentException: Mapped Statements collection already contains value for com.example.ctrip.Dao.HotelMapper.getDataCountByHotelName
Caused by: org.springframework.core.NestedIOException: Failed to parse mapping resource: 'file [F:\360MoveData\Users\Administrator\Desktop\桌面文件\第三小组项目\ctrip\target\classes\Mapper\HotelMapper.xml]'; nested exception is org.apache.ibatis.builder.BuilderException: Error parsing Mapper XML. Cause: java.lang.IllegalArgumentException: Mapped Statements collection already contains value for com.example.ctrip.Dao.HotelMapper.getDataCountByHotelName
Caused by: org.apache.ibatis.builder.BuilderException: Error parsing Mapper XML. Cause: java.lang.IllegalArgumentException: Mapped Statements collection already contains value for com.example.ctrip.Dao.HotelMapper.getDataCountByHotelName
Caused by: java.lang.IllegalArgumentException: Mapped Statements collection already contains value for com.example.ctrip.Dao.HotelMapper.getDataCountByHotelName

getTravelProdictToShouYe(com.example.ctrip.Controller.TravelProductControllerTest)  Time elapsed: 0 s  <<< ERROR!
java.lang.IllegalStateException: Failed to load ApplicationContext
Caused by: org.springframework.beans.factory.UnsatisfiedDependencyException: Error creating bean with name 'dataController': Unsatisfied dependency expressed through field 'dhs'; nested exception is org.springframework.beans.factory.UnsatisfiedDependencyException: Error creating bean with name 'dataHotelServiceImpl': Unsatisfied dependency expressed through field 'dhM'; nested exception is org.springframework.beans.factory.UnsatisfiedDependencyException: Error creating bean with name 'dataHotelMapper' defined in file [F:\360MoveData\Users\Administrator\Desktop\桌面文件\第三小组项目\ctrip\target\classes\com\example\ctrip\Dao\DataHotelMapper.class]: Unsatisfied dependency expressed through bean property 'sqlSessionFactory'; nested exception is org.springframework.beans.factory.BeanCreationException: Error creating bean with name 'sqlSessionFactory' defined in class path resource [org/mybatis/spring/boot/autoconfigure/MybatisAutoConfiguration.class]: Bean instantiation via factory method failed; nested exception is org.springframework.beans.BeanInstantiationException: Failed to instantiate [org.apache.ibatis.session.SqlSessionFactory]: Factory method 'sqlSessionFactory' threw exception; nested exception is org.springframework.core.NestedIOException: Failed to parse mapping resource: 'file [F:\360MoveData\Users\Administrator\Desktop\桌面文件\第三小组项目\ctrip\target\classes\Mapper\HotelMapper.xml]'; nested exception is org.apache.ibatis.builder.BuilderException: Error parsing Mapper XML. Cause: java.lang.IllegalArgumentException: Mapped Statements collection already contains value for com.example.ctrip.Dao.HotelMapper.getDataCountByHotelName
Caused by: org.springframework.beans.factory.UnsatisfiedDependencyException: Error creating bean with name 'dataHotelServiceImpl': Unsatisfied dependency expressed through field 'dhM'; nested exception is org.springframework.beans.factory.UnsatisfiedDependencyException: Error creating bean with name 'dataHotelMapper' defined in file [F:\360MoveData\Users\Administrator\Desktop\桌面文件\第三小组项目\ctrip\target\classes\com\example\ctrip\Dao\DataHotelMapper.class]: Unsatisfied dependency expressed through bean property 'sqlSessionFactory'; nested exception is org.springframework.beans.factory.BeanCreationException: Error creating bean with name 'sqlSessionFactory' defined in class path resource [org/mybatis/spring/boot/autoconfigure/MybatisAutoConfiguration.class]: Bean instantiation via factory method failed; nested exception is org.springframework.beans.BeanInstantiationException: Failed to instantiate [org.apache.ibatis.session.SqlSessionFactory]: Factory method 'sqlSessionFactory' threw exception; nested exception is org.springframework.core.NestedIOException: Failed to parse mapping resource: 'file [F:\360MoveData\Users\Administrator\Desktop\桌面文件\第三小组项目\ctrip\target\classes\Mapper\HotelMapper.xml]'; nested exception is org.apache.ibatis.builder.BuilderException: Error parsing Mapper XML. Cause: java.lang.IllegalArgumentException: Mapped Statements collection already contains value for com.example.ctrip.Dao.HotelMapper.getDataCountByHotelName
Caused by: org.springframework.beans.factory.UnsatisfiedDependencyException: Error creating bean with name 'dataHotelMapper' defined in file [F:\360MoveData\Users\Administrator\Desktop\桌面文件\第三小组项目\ctrip\target\classes\com\example\ctrip\Dao\DataHotelMapper.class]: Unsatisfied dependency expressed through bean property 'sqlSessionFactory'; nested exception is org.springframework.beans.factory.BeanCreationException: Error creating bean with name 'sqlSessionFactory' defined in class path resource [org/mybatis/spring/boot/autoconfigure/MybatisAutoConfiguration.class]: Bean instantiation via factory method failed; nested exception is org.springframework.beans.BeanInstantiationException: Failed to instantiate [org.apache.ibatis.session.SqlSessionFactory]: Factory method 'sqlSessionFactory' threw exception; nested exception is org.springframework.core.NestedIOException: Failed to parse mapping resource: 'file [F:\360MoveData\Users\Administrator\Desktop\桌面文件\第三小组项目\ctrip\target\classes\Mapper\HotelMapper.xml]'; nested exception is org.apache.ibatis.builder.BuilderException: Error parsing Mapper XML. Cause: java.lang.IllegalArgumentException: Mapped Statements collection already contains value for com.example.ctrip.Dao.HotelMapper.getDataCountByHotelName
Caused by: org.springframework.beans.factory.BeanCreationException: Error creating bean with name 'sqlSessionFactory' defined in class path resource [org/mybatis/spring/boot/autoconfigure/MybatisAutoConfiguration.class]: Bean instantiation via factory method failed; nested exception is org.springframework.beans.BeanInstantiationException: Failed to instantiate [org.apache.ibatis.session.SqlSessionFactory]: Factory method 'sqlSessionFactory' threw exception; nested exception is org.springframework.core.NestedIOException: Failed to parse mapping resource: 'file [F:\360MoveData\Users\Administrator\Desktop\桌面文件\第三小组项目\ctrip\target\classes\Mapper\HotelMapper.xml]'; nested exception is org.apache.ibatis.builder.BuilderException: Error parsing Mapper XML. Cause: java.lang.IllegalArgumentException: Mapped Statements collection already contains value for com.example.ctrip.Dao.HotelMapper.getDataCountByHotelName
Caused by: org.springframework.beans.BeanInstantiationException: Failed to instantiate [org.apache.ibatis.session.SqlSessionFactory]: Factory method 'sqlSessionFactory' threw exception; nested exception is org.springframework.core.NestedIOException: Failed to parse mapping resource: 'file [F:\360MoveData\Users\Administrator\Desktop\桌面文件\第三小组项目\ctrip\target\classes\Mapper\HotelMapper.xml]'; nested exception is org.apache.ibatis.builder.BuilderException: Error parsing Mapper XML. Cause: java.lang.IllegalArgumentException: Mapped Statements collection already contains value for com.example.ctrip.Dao.HotelMapper.getDataCountByHotelName
Caused by: org.springframework.core.NestedIOException: Failed to parse mapping resource: 'file [F:\360MoveData\Users\Administrator\Desktop\桌面文件\第三小组项目\ctrip\target\classes\Mapper\HotelMapper.xml]'; nested exception is org.apache.ibatis.builder.BuilderException: Error parsing Mapper XML. Cause: java.lang.IllegalArgumentException: Mapped Statements collection already contains value for com.example.ctrip.Dao.HotelMapper.getDataCountByHotelName
Caused by: org.apache.ibatis.builder.BuilderException: Error parsing Mapper XML. Cause: java.lang.IllegalArgumentException: Mapped Statements collection already contains value for com.example.ctrip.Dao.HotelMapper.getDataCountByHotelName
Caused by: java.lang.IllegalArgumentException: Mapped Statements collection already contains value for com.example.ctrip.Dao.HotelMapper.getDataCountByHotelName

getProductListByCity(com.example.ctrip.Controller.TravelProductControllerTest)  Time elapsed: 0 s  <<< ERROR!
java.lang.IllegalStateException: Failed to load ApplicationContext
Caused by: org.springframework.beans.factory.UnsatisfiedDependencyException: Error creating bean with name 'dataController': Unsatisfied dependency expressed through field 'dhs'; nested exception is org.springframework.beans.factory.UnsatisfiedDependencyException: Error creating bean with name 'dataHotelServiceImpl': Unsatisfied dependency expressed through field 'dhM'; nested exception is org.springframework.beans.factory.UnsatisfiedDependencyException: Error creating bean with name 'dataHotelMapper' defined in file [F:\360MoveData\Users\Administrator\Desktop\桌面文件\第三小组项目\ctrip\target\classes\com\example\ctrip\Dao\DataHotelMapper.class]: Unsatisfied dependency expressed through bean property 'sqlSessionFactory'; nested exception is org.springframework.beans.factory.BeanCreationException: Error creating bean with name 'sqlSessionFactory' defined in class path resource [org/mybatis/spring/boot/autoconfigure/MybatisAutoConfiguration.class]: Bean instantiation via factory method failed; nested exception is org.springframework.beans.BeanInstantiationException: Failed to instantiate [org.apache.ibatis.session.SqlSessionFactory]: Factory method 'sqlSessionFactory' threw exception; nested exception is org.springframework.core.NestedIOException: Failed to parse mapping resource: 'file [F:\360MoveData\Users\Administrator\Desktop\桌面文件\第三小组项目\ctrip\target\classes\Mapper\HotelMapper.xml]'; nested exception is org.apache.ibatis.builder.BuilderException: Error parsing Mapper XML. Cause: java.lang.IllegalArgumentException: Mapped Statements collection already contains value for com.example.ctrip.Dao.HotelMapper.getDataCountByHotelName
Caused by: org.springframework.beans.factory.UnsatisfiedDependencyException: Error creating bean with name 'dataHotelServiceImpl': Unsatisfied dependency expressed through field 'dhM'; nested exception is org.springframework.beans.factory.UnsatisfiedDependencyException: Error creating bean with name 'dataHotelMapper' defined in file [F:\360MoveData\Users\Administrator\Desktop\桌面文件\第三小组项目\ctrip\target\classes\com\example\ctrip\Dao\DataHotelMapper.class]: Unsatisfied dependency expressed through bean property 'sqlSessionFactory'; nested exception is org.springframework.beans.factory.BeanCreationException: Error creating bean with name 'sqlSessionFactory' defined in class path resource [org/mybatis/spring/boot/autoconfigure/MybatisAutoConfiguration.class]: Bean instantiation via factory method failed; nested exception is org.springframework.beans.BeanInstantiationException: Failed to instantiate [org.apache.ibatis.session.SqlSessionFactory]: Factory method 'sqlSessionFactory' threw exception; nested exception is org.springframework.core.NestedIOException: Failed to parse mapping resource: 'file [F:\360MoveData\Users\Administrator\Desktop\桌面文件\第三小组项目\ctrip\target\classes\Mapper\HotelMapper.xml]'; nested exception is org.apache.ibatis.builder.BuilderException: Error parsing Mapper XML. Cause: java.lang.IllegalArgumentException: Mapped Statements collection already contains value for com.example.ctrip.Dao.HotelMapper.getDataCountByHotelName
Caused by: org.springframework.beans.factory.UnsatisfiedDependencyException: Error creating bean with name 'dataHotelMapper' defined in file [F:\360MoveData\Users\Administrator\Desktop\桌面文件\第三小组项目\ctrip\target\classes\com\example\ctrip\Dao\DataHotelMapper.class]: Unsatisfied dependency expressed through bean property 'sqlSessionFactory'; nested exception is org.springframework.beans.factory.BeanCreationException: Error creating bean with name 'sqlSessionFactory' defined in class path resource [org/mybatis/spring/boot/autoconfigure/MybatisAutoConfiguration.class]: Bean instantiation via factory method failed; nested exception is org.springframework.beans.BeanInstantiationException: Failed to instantiate [org.apache.ibatis.session.SqlSessionFactory]: Factory method 'sqlSessionFactory' threw exception; nested exception is org.springframework.core.NestedIOException: Failed to parse mapping resource: 'file [F:\360MoveData\Users\Administrator\Desktop\桌面文件\第三小组项目\ctrip\target\classes\Mapper\HotelMapper.xml]'; nested exception is org.apache.ibatis.builder.BuilderException: Error parsing Mapper XML. Cause: java.lang.IllegalArgumentException: Mapped Statements collection already contains value for com.example.ctrip.Dao.HotelMapper.getDataCountByHotelName
Caused by: org.springframework.beans.factory.BeanCreationException: Error creating bean with name 'sqlSessionFactory' defined in class path resource [org/mybatis/spring/boot/autoconfigure/MybatisAutoConfiguration.class]: Bean instantiation via factory method failed; nested exception is org.springframework.beans.BeanInstantiationException: Failed to instantiate [org.apache.ibatis.session.SqlSessionFactory]: Factory method 'sqlSessionFactory' threw exception; nested exception is org.springframework.core.NestedIOException: Failed to parse mapping resource: 'file [F:\360MoveData\Users\Administrator\Desktop\桌面文件\第三小组项目\ctrip\target\classes\Mapper\HotelMapper.xml]'; nested exception is org.apache.ibatis.builder.BuilderException: Error parsing Mapper XML. Cause: java.lang.IllegalArgumentException: Mapped Statements collection already contains value for com.example.ctrip.Dao.HotelMapper.getDataCountByHotelName
Caused by: org.springframework.beans.BeanInstantiationException: Failed to instantiate [org.apache.ibatis.session.SqlSessionFactory]: Factory method 'sqlSessionFactory' threw exception; nested exception is org.springframework.core.NestedIOException: Failed to parse mapping resource: 'file [F:\360MoveData\Users\Administrator\Desktop\桌面文件\第三小组项目\ctrip\target\classes\Mapper\HotelMapper.xml]'; nested exception is org.apache.ibatis.builder.BuilderException: Error parsing Mapper XML. Cause: java.lang.IllegalArgumentException: Mapped Statements collection already contains value for com.example.ctrip.Dao.HotelMapper.getDataCountByHotelName
Caused by: org.springframework.core.NestedIOException: Failed to parse mapping resource: 'file [F:\360MoveData\Users\Administrator\Desktop\桌面文件\第三小组项目\ctrip\target\classes\Mapper\HotelMapper.xml]'; nested exception is org.apache.ibatis.builder.BuilderException: Error parsing Mapper XML. Cause: java.lang.IllegalArgumentException: Mapped Statements collection already contains value for com.example.ctrip.Dao.HotelMapper.getDataCountByHotelName
Caused by: org.apache.ibatis.builder.BuilderException: Error parsing Mapper XML. Cause: java.lang.IllegalArgumentException: Mapped Statements collection already contains value for com.example.ctrip.Dao.HotelMapper.getDataCountByHotelName
Caused by: java.lang.IllegalArgumentException: Mapped Statements collection already contains value for com.example.ctrip.Dao.HotelMapper.getDataCountByHotelName

