<?xml version="1.0" encoding="UTF-8"?>
<testsuite xmlns:xsi="http://www.w3.org/2001/XMLSchema-instance" xsi:noNamespaceSchemaLocation="https://maven.apache.org/surefire/maven-surefire-plugin/xsd/surefire-test-report.xsd" name="com.example.ctrip.CtripApplicationTests" time="0" tests="1" errors="1" skipped="0" failures="0">
  <properties>
[...]
</properties>
  <testcase name="initializationError" classname="com.example.ctrip.CtripApplicationTests" time="0">
    <error message="Method insertImg() should be public" type="java.lang.Exception">java.lang.Exception: Method insertImg() should be public
</error>
  </testcase>
</testsuite>